<?xml version="1.0" encoding="UTF-8"?>
<testng-results ignored="0" total="1" passed="1" failed="0" skipped="0">
  <reporter-output>
  </reporter-output>
  <suite started-at="2025-07-02T15:53:24 EEST" name="Default suite" finished-at="2025-07-02T15:53:36 EEST" duration-ms="12278">
    <groups>
    </groups>
    <test started-at="2025-07-02T15:53:24 EEST" name="Default test" finished-at="2025-07-02T15:53:36 EEST" duration-ms="12278">
      <class name="test_Cases.UserRegistrationTest">
        <test-method is-config="true" signature="startBrowser()[pri:0, instance:test_Cases.UserRegistrationTest@788fcafb]" started-at="2025-07-02T15:53:21 EEST" name="startBrowser" finished-at="2025-07-02T15:53:24 EEST" duration-ms="2989" status="PASS">
          <reporter-output>
          </reporter-output>
        </test-method> <!-- startBrowser -->
        <test-method signature="userRegistrationSteps()[pri:0, instance:test_Cases.UserRegistrationTest@788fcafb]" started-at="2025-07-02T15:53:24 EEST" name="userRegistrationSteps" finished-at="2025-07-02T15:53:36 EEST" duration-ms="12149" status="PASS">
          <reporter-output>
          </reporter-output>
        </test-method> <!-- userRegistrationSteps -->
        <test-method is-config="true" signature="closeBroswer()[pri:0, instance:test_Cases.UserRegistrationTest@788fcafb]" started-at="2025-07-02T15:53:36 EEST" name="closeBroswer" finished-at="2025-07-02T15:53:37 EEST" duration-ms="292" status="PASS">
          <reporter-output>
          </reporter-output>
        </test-method> <!-- closeBroswer -->
      </class> <!-- test_Cases.UserRegistrationTest -->
    </test> <!-- Default test -->
  </suite> <!-- Default suite -->
</testng-results>
