<?xml version="1.0" encoding="UTF-8"?>
<testng-results ignored="0" total="1" passed="1" failed="0" skipped="0">
  <reporter-output>
  </reporter-output>
  <suite started-at="2025-07-05T21:07:18 EEST" name="Default suite" finished-at="2025-07-05T21:07:36 EEST" duration-ms="18628">
    <groups>
      <group name="cucumber">
        <method signature="AbstractTestNGCucumberTests.runScenario(io.cucumber.testng.PickleWrapper,io.cucumber.testng.FeatureWrapper)[pri:0, instance:runner.TestRunner@74f6c5d8]" name="runScenario" class="io.cucumber.testng.AbstractTestNGCucumberTests"/>
      </group> <!-- cucumber -->
    </groups>
    <test started-at="2025-07-05T21:07:18 EEST" name="Default test" finished-at="2025-07-05T21:07:36 EEST" duration-ms="18628">
      <class name="runner.TestRunner">
        <test-method is-config="true" signature="setUpClass(org.testng.ITestContext)[pri:0, instance:runner.TestRunner@74f6c5d8]" started-at="2025-07-05T21:07:18 EEST" name="setUpClass" finished-at="2025-07-05T21:07:18 EEST" duration-ms="484" status="PASS">
          <params>
            <param index="0">
              <value>
                <![CDATA[org.testng.TestRunner@39941489]]>
              </value>
            </param>
          </params>
          <reporter-output>
          </reporter-output>
        </test-method> <!-- setUpClass -->
        <test-method signature="runScenario(io.cucumber.testng.PickleWrapper,io.cucumber.testng.FeatureWrapper)[pri:0, instance:runner.TestRunner@74f6c5d8]" started-at="2025-07-05T21:07:18 EEST" name="runScenario" description="Runs Cucumber Scenarios" data-provider="scenarios" finished-at="2025-07-05T21:07:36 EEST" duration-ms="18073" status="PASS">
          <params>
            <param index="0">
              <value>
                <![CDATA["Register and Order"]]>
              </value>
            </param>
            <param index="1">
              <value>
                <![CDATA["User Registration and Order"]]>
              </value>
            </param>
          </params>
          <reporter-output>
          </reporter-output>
        </test-method> <!-- runScenario -->
        <test-method is-config="true" signature="tearDownClass()[pri:0, instance:runner.TestRunner@74f6c5d8]" started-at="2025-07-05T21:07:36 EEST" name="tearDownClass" finished-at="2025-07-05T21:07:36 EEST" duration-ms="22" status="PASS">
          <reporter-output>
          </reporter-output>
        </test-method> <!-- tearDownClass -->
      </class> <!-- runner.TestRunner -->
    </test> <!-- Default test -->
  </suite> <!-- Default suite -->
</testng-results>
